0 info it worked if it ends with ok
1 verbose cli [ 'C:\\Program Files\\nodejs\\node.exe',
1 verbose cli   'C:\\Program Files\\nodejs\\node_modules\\npm\\bin\\npm-cli.js',
1 verbose cli   'start' ]
2 info using npm@3.10.10
3 info using node@v6.10.0
4 verbose run-script [ 'prestart', 'start', 'poststart' ]
5 info lifecycle graph-react@1.0.0~prestart: graph-react@1.0.0
6 silly lifecycle graph-react@1.0.0~prestart: no script for prestart, continuing
7 info lifecycle graph-react@1.0.0~start: graph-react@1.0.0
8 verbose lifecycle graph-react@1.0.0~start: unsafe-perm in lifecycle true
9 verbose lifecycle graph-react@1.0.0~start: PATH: C:\Program Files\nodejs\node_modules\npm\bin\node-gyp-bin;C:\Users\jonat\OneDrive\Univali\2017\Grafos\TrabalhoM1\TrabalhoM2.1\react\node_modules\.bin;C:\Program Files\Docker\Docker\Resources\bin;C:\WINDOWS\system32;C:\WINDOWS;C:\WINDOWS\System32\Wbem;C:\WINDOWS\System32\WindowsPowerShell\v1.0\;C:\Program Files\Microsoft SQL Server\130\Tools\Binn\;C:\Program Files (x86)\Xoreax\IncrediBuild;C:\Program Files (x86)\GtkSharp\2.12\bin;C:\Program Files\nodejs\;C:\Program Files (x86)\Java\jdk1.8.0_112\bin;C:\Program Files\dotnet\;C:\Program Files\Git\cmd;C:\Users\jonat\AppData\Local\Microsoft\WindowsApps;;C:\Users\jonat\AppData\Roaming\npm;C:\Program Files\Microsoft VS Code\bin
10 verbose lifecycle graph-react@1.0.0~start: CWD: C:\Users\jonat\OneDrive\Univali\2017\Grafos\TrabalhoM1\TrabalhoM2.1\react
11 silly lifecycle graph-react@1.0.0~start: Args: [ '/d /s /c', 'npm run build' ]
12 silly lifecycle graph-react@1.0.0~start: Returned: code: 3221225786  signal: null
13 info lifecycle graph-react@1.0.0~start: Failed to exec start script
14 verbose stack Error: graph-react@1.0.0 start: `npm run build`
14 verbose stack Exit status 3221225786
14 verbose stack     at EventEmitter.<anonymous> (C:\Program Files\nodejs\node_modules\npm\lib\utils\lifecycle.js:255:16)
14 verbose stack     at emitTwo (events.js:106:13)
14 verbose stack     at EventEmitter.emit (events.js:191:7)
14 verbose stack     at ChildProcess.<anonymous> (C:\Program Files\nodejs\node_modules\npm\lib\utils\spawn.js:40:14)
14 verbose stack     at emitTwo (events.js:106:13)
14 verbose stack     at ChildProcess.emit (events.js:191:7)
14 verbose stack     at maybeClose (internal/child_process.js:877:16)
14 verbose stack     at Process.ChildProcess._handle.onexit (internal/child_process.js:226:5)
15 verbose pkgid graph-react@1.0.0
16 verbose cwd C:\Users\jonat\OneDrive\Univali\2017\Grafos\TrabalhoM1\TrabalhoM2.1\react
17 error Windows_NT 10.0.16299
18 error argv "C:\\Program Files\\nodejs\\node.exe" "C:\\Program Files\\nodejs\\node_modules\\npm\\bin\\npm-cli.js" "start"
19 error node v6.10.0
20 error npm  v3.10.10
21 error code ELIFECYCLE
22 error graph-react@1.0.0 start: `npm run build`
22 error Exit status 3221225786
23 error Failed at the graph-react@1.0.0 start script 'npm run build'.
23 error Make sure you have the latest version of node.js and npm installed.
23 error If you do, this is most likely a problem with the graph-react package,
23 error not with npm itself.
23 error Tell the author that this fails on your system:
23 error     npm run build
23 error You can get information on how to open an issue for this project with:
23 error     npm bugs graph-react
23 error Or if that isn't available, you can get their info via:
23 error     npm owner ls graph-react
23 error There is likely additional logging output above.
24 verbose exit [ 1, true ]
